<?xml version="1.0" encoding="UTF-8"?>
<testng-results skipped="0" failed="0" total="1" passed="1">
  <reporter-output>
  </reporter-output>
  <suite name="Default suite" duration-ms="25067" started-at="2020-08-10T09:22:33Z" finished-at="2020-08-10T09:22:58Z">
    <groups>
    </groups>
    <test name="Default test" duration-ms="25067" started-at="2020-08-10T09:22:33Z" finished-at="2020-08-10T09:22:58Z">
      <class name="webdriver.Register__And_Login">
        <test-method status="PASS" signature="beforeClass()[pri:0, instance:webdriver.Register__And_Login@6ea12c19]" name="beforeClass" is-config="true" duration-ms="5277" started-at="2020-08-10T16:22:33Z" finished-at="2020-08-10T16:22:38Z">
          <reporter-output>
          </reporter-output>
        </test-method> <!-- beforeClass -->
        <test-method status="PASS" signature="TC_01_Login_With_Empty_Email_And_Password()[pri:0, instance:webdriver.Register__And_Login@6ea12c19]" name="TC_01_Login_With_Empty_Email_And_Password" duration-ms="19765" started-at="2020-08-10T16:22:38Z" finished-at="2020-08-10T16:22:58Z">
          <reporter-output>
          </reporter-output>
        </test-method> <!-- TC_01_Login_With_Empty_Email_And_Password -->
      </class> <!-- webdriver.Register__And_Login -->
    </test> <!-- Default test -->
  </suite> <!-- Default suite -->
</testng-results>
